Arguments: 
  /home/r3willia/.nvm/versions/node/v6.10.0/bin/node /usr/share/yarn/bin/yarn.js install

PATH: 
  /home/r3willia/.nvm/versions/node/v6.10.0/bin:/home/r3willia/datagrid-cli:/home/r3willia/scripts:/home/r3willia/Android/Sdk/platform-tools:/home/r3willia/bin:/usr/local/sbin:/usr/local/bin:/usr/sbin:/usr/bin:/sbin:/bin:/usr/games:/usr/local/games

Yarn version: 
  0.21.3

Node version: 
  6.10.0

Platform: 
  linux x64

npm manifest: 
  {
      "name": "walls-have-ears",
      "version": "1.0.0",
      "description": "Suspects everyone and everything",
      "main": "src/server.js",
      "scripts": {
          "start": "node src/server.js"
      },
      "dependencies": {
          "bluebird": "^3.5.0",
          "hapi": "^16.1.0",
          "hapi-bluebird": "^2.0.0"
      }
  }

yarn manifest: 
  No manifest

Lockfile: 
  No lockfile

Trace: 
  Error: getaddrinfo ENOTFOUND artifactory.in.here.com artifactory.in.here.com:443
      at errnoException (dns.js:28:10)
      at GetAddrInfoReqWrap.onlookup [as oncomplete] (dns.js:76:26)
